The target system is: Generic -  - arm
The host system is: Linux - 5.15.0-134-generic - x86_64
Determining if files stdatomic.h exist passed with the following output:
Change Dir: /home/blue/workspace/dual_arm2/design_1_wrapper/ps7_cortexa9_0/standalone_ps7_cortexa9_0/bsp/ps7_cortexa9_0/libsrc/openamp_v1_7/build_openamp/CMakeFiles/CMakeTmp

Run Build Command:"/usr/bin/make" "cmTC_fcb7c/fast"
/usr/bin/make -f CMakeFiles/cmTC_fcb7c.dir/build.make CMakeFiles/cmTC_fcb7c.dir/build
make[1]: Entering directory '/home/blue/workspace/dual_arm2/design_1_wrapper/ps7_cortexa9_0/standalone_ps7_cortexa9_0/bsp/ps7_cortexa9_0/libsrc/openamp_v1_7/build_openamp/CMakeFiles/CMakeTmp'
Building C object CMakeFiles/cmTC_fcb7c.dir/CheckIncludeFiles.c.obj
/media/blue/2TB/Xilinx/Vitis/2022.2/gnu/aarch32/lin/gcc-arm-none-eabi/bin/arm-none-eabi-gcc   -O2 -c -mcpu=cortex-a9 -mfpu=vfpv3 -mfloat-abi=hard -nostartfiles -g -Wall -Wextra -fno-tree-loop-distribute-patterns -DUSE_AMP=1 -I/home/blue/workspace/dual_arm2/design_1_wrapper/ps7_cortexa9_0/standalone_ps7_cortexa9_0/bsp/ps7_cortexa9_0/include -Wall -Wextra -c   -o CMakeFiles/cmTC_fcb7c.dir/CheckIncludeFiles.c.obj   -c /home/blue/workspace/dual_arm2/design_1_wrapper/ps7_cortexa9_0/standalone_ps7_cortexa9_0/bsp/ps7_cortexa9_0/libsrc/openamp_v1_7/build_openamp/CMakeFiles/CMakeTmp/CheckIncludeFiles.c
Linking C executable cmTC_fcb7c
/media/blue/2TB/Xilinx/Vitis/2022.2/tps/lnx64/cmake-3.3.2/bin/cmake -E cmake_link_script CMakeFiles/cmTC_fcb7c.dir/link.txt --verbose=1
/media/blue/2TB/Xilinx/Vitis/2022.2/gnu/aarch32/lin/gcc-arm-none-eabi/bin/arm-none-eabi-gcc  -O2 -c -mcpu=cortex-a9 -mfpu=vfpv3 -mfloat-abi=hard -nostartfiles -g -Wall -Wextra -fno-tree-loop-distribute-patterns -DUSE_AMP=1 -I/home/blue/workspace/dual_arm2/design_1_wrapper/ps7_cortexa9_0/standalone_ps7_cortexa9_0/bsp/ps7_cortexa9_0/include -Wall -Wextra -c    CMakeFiles/cmTC_fcb7c.dir/CheckIncludeFiles.c.obj  -o cmTC_fcb7c  
arm-xilinx-eabi-gcc.real: warning: CMakeFiles/cmTC_fcb7c.dir/CheckIncludeFiles.c.obj: linker input file unused because linking not done
make[1]: Leaving directory '/home/blue/workspace/dual_arm2/design_1_wrapper/ps7_cortexa9_0/standalone_ps7_cortexa9_0/bsp/ps7_cortexa9_0/libsrc/openamp_v1_7/build_openamp/CMakeFiles/CMakeTmp'


Determining if files fcntl.h exist passed with the following output:
Change Dir: /home/blue/workspace/dual_arm2/design_1_wrapper/ps7_cortexa9_0/standalone_ps7_cortexa9_0/bsp/ps7_cortexa9_0/libsrc/openamp_v1_7/build_openamp/CMakeFiles/CMakeTmp

Run Build Command:"/usr/bin/make" "cmTC_75d82/fast"
/usr/bin/make -f CMakeFiles/cmTC_75d82.dir/build.make CMakeFiles/cmTC_75d82.dir/build
make[1]: Entering directory '/home/blue/workspace/dual_arm2/design_1_wrapper/ps7_cortexa9_0/standalone_ps7_cortexa9_0/bsp/ps7_cortexa9_0/libsrc/openamp_v1_7/build_openamp/CMakeFiles/CMakeTmp'
Building C object CMakeFiles/cmTC_75d82.dir/CheckIncludeFiles.c.obj
/media/blue/2TB/Xilinx/Vitis/2022.2/gnu/aarch32/lin/gcc-arm-none-eabi/bin/arm-none-eabi-gcc   -O2 -c -mcpu=cortex-a9 -mfpu=vfpv3 -mfloat-abi=hard -nostartfiles -g -Wall -Wextra -fno-tree-loop-distribute-patterns -DUSE_AMP=1 -I/home/blue/workspace/dual_arm2/design_1_wrapper/ps7_cortexa9_0/standalone_ps7_cortexa9_0/bsp/ps7_cortexa9_0/include -Wall -Wextra -c   -o CMakeFiles/cmTC_75d82.dir/CheckIncludeFiles.c.obj   -c /home/blue/workspace/dual_arm2/design_1_wrapper/ps7_cortexa9_0/standalone_ps7_cortexa9_0/bsp/ps7_cortexa9_0/libsrc/openamp_v1_7/build_openamp/CMakeFiles/CMakeTmp/CheckIncludeFiles.c
Linking C executable cmTC_75d82
/media/blue/2TB/Xilinx/Vitis/2022.2/tps/lnx64/cmake-3.3.2/bin/cmake -E cmake_link_script CMakeFiles/cmTC_75d82.dir/link.txt --verbose=1
/media/blue/2TB/Xilinx/Vitis/2022.2/gnu/aarch32/lin/gcc-arm-none-eabi/bin/arm-none-eabi-gcc  -O2 -c -mcpu=cortex-a9 -mfpu=vfpv3 -mfloat-abi=hard -nostartfiles -g -Wall -Wextra -fno-tree-loop-distribute-patterns -DUSE_AMP=1 -I/home/blue/workspace/dual_arm2/design_1_wrapper/ps7_cortexa9_0/standalone_ps7_cortexa9_0/bsp/ps7_cortexa9_0/include -Wall -Wextra -c    CMakeFiles/cmTC_75d82.dir/CheckIncludeFiles.c.obj  -o cmTC_75d82  
arm-xilinx-eabi-gcc.real: warning: CMakeFiles/cmTC_75d82.dir/CheckIncludeFiles.c.obj: linker input file unused because linking not done
make[1]: Leaving directory '/home/blue/workspace/dual_arm2/design_1_wrapper/ps7_cortexa9_0/standalone_ps7_cortexa9_0/bsp/ps7_cortexa9_0/libsrc/openamp_v1_7/build_openamp/CMakeFiles/CMakeTmp'


